<?xml version="1.0" encoding="UTF-8"?>
<!-- Generated by org.testng.reporters.JUnitReportReporter -->
<testsuite skipped="0" hostname="Saiful-PC" name="com.amazon.testpages.HomePageTest" tests="2" failures="0" timestamp="2020-12-25T23:25:56 EST" time="5.540" errors="0">
  <testcase name="logoTest" time="0.520" classname="com.amazon.testpages.HomePageTest"/>
  <system-out/>
  <testcase name="clickOnGiftCardsTest" time="5.020" classname="com.amazon.testpages.HomePageTest"/>
  <system-out/>
</testsuite> <!-- com.amazon.testpages.HomePageTest -->
