<?xml version="1.0" encoding="UTF-8"?>
<!-- Generated by org.testng.reporters.JUnitReportReporter -->
<testsuite skipped="0" hostname="Saiful-PC" name="com.amazon.testpages.GiftCardsPageTest" tests="2" failures="0" timestamp="2020-12-25T23:25:56 EST" time="24.440" errors="0">
  <testcase name="textTest" time="0.210" classname="com.amazon.testpages.GiftCardsPageTest"/>
  <system-out/>
  <testcase name="checkBoxCheck" time="24.230" classname="com.amazon.testpages.GiftCardsPageTest"/>
  <system-out/>
</testsuite> <!-- com.amazon.testpages.GiftCardsPageTest -->
