<?xml version="1.0" encoding="UTF-8"?>
<!-- Generated by org.testng.reporters.JUnitReportReporter -->
<testsuite skipped="0" hostname="Saiful-PC" name="Com.TestPages.HomepageTest" tests="1" failures="0" timestamp="2020-11-27T15:20:36 EST" time="59.061" errors="0">
  <testcase name="homePageTest" time="59.061" classname="Com.TestPages.HomepageTest"/>
  <system-out/>
</testsuite> <!-- Com.TestPages.HomepageTest -->
