<?xml version="1.0" encoding="UTF-8"?>
<!-- Generated by org.testng.reporters.JUnitReportReporter -->
<testsuite skipped="0" hostname="Saiful-PC" name="com.amazon.testpages.BestSellerPageTest" tests="1" failures="0" timestamp="2020-12-25T23:25:56 EST" time="0.159" errors="0">
  <testcase name="logoTest" time="0.159" classname="com.amazon.testpages.BestSellerPageTest"/>
  <system-out/>
</testsuite> <!-- com.amazon.testpages.BestSellerPageTest -->
